<?xml version="1.0" encoding="UTF-8"?>
<testsuite xmlns:xsi="http://www.w3.org/2001/XMLSchema-instance" xsi:noNamespaceSchemaLocation="https://maven.apache.org/surefire/maven-surefire-plugin/xsd/surefire-test-report.xsd" name="TestSuite" time="219.84" tests="43" errors="0" skipped="0" failures="0">
  <properties>
[...]
</properties>
  <testcase name="verifyCheckOut" classname="com.qa.testcases.PageCart_Test" time="4.371"/>
  <testcase name="verify_CartProductDetails" classname="com.qa.testcases.PageSummary_Test" time="0.242"/>
  <testcase name="verify_ProductDetails" classname="com.qa.testcases.PageSummary_Test" time="0.574"/>
  <testcase name="verify_ProductCount" classname="com.qa.testcases.PageSummary_Test" time="0.037"/>
  <testcase name="verify_ProductAvailabilityStatus" classname="com.qa.testcases.PageSummary_Test" time="0.117"/>
  <testcase name="verify_ContinueShoppingFeature" classname="com.qa.testcases.PageSummary_Test" time="2.757"/>
  <testcase name="verify_ProceedToCheckOutFeature" classname="com.qa.testcases.PageSummary_Test" time="33.267"/>
  <testcase name="TC01" classname="com.qa.testcases.PageSignIn_Test" time="2.629"/>
  <testcase name="TC02" classname="com.qa.testcases.PageSignIn_Test" time="0.76"/>
  <testcase name="TC04" classname="com.qa.testcases.PageSignIn_Test" time="1.882"/>
  <testcase name="TC05" classname="com.qa.testcases.PageSignIn_Test" time="1.936"/>
  <testcase name="TC06" classname="com.qa.testcases.PageSignIn_Test" time="1.705"/>
  <testcase name="TC07" classname="com.qa.testcases.PageSignIn_Test" time="2.001"/>
  <testcase name="TC08" classname="com.qa.testcases.PageSignIn_Test" time="1.478"/>
  <testcase name="TC09" classname="com.qa.testcases.PageSignIn_Test" time="2.311"/>
  <testcase name="TC01" classname="com.qa.testcases.PageAddress_Test" time="1.422"/>
  <testcase name="TC02" classname="com.qa.testcases.PageAddress_Test" time="5.164"/>
  <testcase name="TC03" classname="com.qa.testcases.PageAddress_Test" time="0.834"/>
  <testcase name="TC04" classname="com.qa.testcases.PageAddress_Test" time="1.424"/>
  <testcase name="TC05" classname="com.qa.testcases.PageAddress_Test" time="2.187"/>
  <testcase name="TC06" classname="com.qa.testcases.PageAddress_Test" time="1.764"/>
  <testcase name="TC01" classname="com.qa.testcases.PageShipping_Test" time="0.134"/>
  <testcase name="TC02" classname="com.qa.testcases.PageShipping_Test" time="0.06"/>
  <testcase name="TC03" classname="com.qa.testcases.PageShipping_Test" time="31.449"/>
  <testcase name="TC04" classname="com.qa.testcases.PageShipping_Test" time="15.56"/>
  <testcase name="TC05" classname="com.qa.testcases.PageShipping_Test" time="1.976"/>
  <testcase name="TC01" classname="com.qa.testcases.PagePayment_Test" time="0.632"/>
  <testcase name="TC02" classname="com.qa.testcases.PagePayment_Test" time="1.341"/>
  <testcase name="TC01" classname="com.qa.testcases.PageBankWirePayment_Test" time="0.056"/>
  <testcase name="TC02" classname="com.qa.testcases.PageBankWirePayment_Test" time="0.053"/>
  <testcase name="TC03" classname="com.qa.testcases.PageBankWirePayment_Test" time="2.562"/>
  <testcase name="TC01" classname="com.qa.testcases.PageOrderConfirmation_Test" time="0.301"/>
  <testcase name="TC02" classname="com.qa.testcases.PageOrderConfirmation_Test" time="5.481"/>
  <testcase name="TC01" classname="com.qa.testcases.PageOrderHistory_Test" time="0.189"/>
  <testcase name="TC02" classname="com.qa.testcases.PageOrderHistory_Test" time="0.213"/>
  <testcase name="TC04" classname="com.qa.testcases.PageOrderHistory_Test" time="31.847"/>
  <testcase name="TC05" classname="com.qa.testcases.PageOrderHistory_Test" time="0.311"/>
  <testcase name="TC06" classname="com.qa.testcases.PageOrderHistory_Test" time="0.54"/>
  <testcase name="TC07" classname="com.qa.testcases.PageOrderHistory_Test" time="0.536"/>
  <testcase name="TC08" classname="com.qa.testcases.PageOrderHistory_Test" time="0.638"/>
  <testcase name="TC09" classname="com.qa.testcases.PageOrderHistory_Test" time="0.827"/>
  <testcase name="TC10" classname="com.qa.testcases.PageOrderHistory_Test" time="3.353"/>
  <testcase name="TC11" classname="com.qa.testcases.PageOrderHistory_Test" time="1.399"/>
</testsuite>