<?xml version="1.0" encoding="UTF-8"?>
<!-- Generated by org.testng.reporters.JUnitXMLReporter -->
<testsuite hostname="Surajk-PC" ignored="58" name="Demo Test" tests="43" failures="0" timestamp="2020-08-09T14:06:01 IST" time="188.459" errors="0">
  <testcase name="verifyCheckOut" time="4.364" classname="com.qa.testcases.PageCart_Test"/>
  <testcase name="verify_CartProductDetails" time="0.255" classname="com.qa.testcases.PageSummary_Test"/>
  <testcase name="verify_ProductDetails" time="0.579" classname="com.qa.testcases.PageSummary_Test"/>
  <testcase name="verify_ProductCount" time="0.039" classname="com.qa.testcases.PageSummary_Test"/>
  <testcase name="verify_ProductAvailabilityStatus" time="0.121" classname="com.qa.testcases.PageSummary_Test"/>
  <testcase name="verify_ContinueShoppingFeature" time="2.755" classname="com.qa.testcases.PageSummary_Test"/>
  <testcase name="verify_ProceedToCheckOutFeature" time="33.267" classname="com.qa.testcases.PageSummary_Test"/>
  <testcase name="TC01" time="2.63" classname="com.qa.testcases.PageSignIn_Test"/>
  <testcase name="TC02" time="0.759" classname="com.qa.testcases.PageSignIn_Test"/>
  <testcase name="TC04" time="1.883" classname="com.qa.testcases.PageSignIn_Test"/>
  <testcase name="TC05" time="1.935" classname="com.qa.testcases.PageSignIn_Test"/>
  <testcase name="TC06" time="1.704" classname="com.qa.testcases.PageSignIn_Test"/>
  <testcase name="TC07" time="2.0" classname="com.qa.testcases.PageSignIn_Test"/>
  <testcase name="TC08" time="1.478" classname="com.qa.testcases.PageSignIn_Test"/>
  <testcase name="TC09" time="2.311" classname="com.qa.testcases.PageSignIn_Test"/>
  <testcase name="TC01" time="1.423" classname="com.qa.testcases.PageAddress_Test"/>
  <testcase name="TC02" time="5.157" classname="com.qa.testcases.PageAddress_Test"/>
  <testcase name="TC03" time="0.853" classname="com.qa.testcases.PageAddress_Test"/>
  <testcase name="TC04" time="1.461" classname="com.qa.testcases.PageAddress_Test"/>
  <testcase name="TC05" time="2.186" classname="com.qa.testcases.PageAddress_Test"/>
  <testcase name="TC06" time="1.765" classname="com.qa.testcases.PageAddress_Test"/>
  <testcase name="TC01" time="0.133" classname="com.qa.testcases.PageShipping_Test"/>
  <testcase name="TC02" time="0.06" classname="com.qa.testcases.PageShipping_Test"/>
  <testcase name="TC03" time="31.448" classname="com.qa.testcases.PageShipping_Test"/>
  <testcase name="TC04" time="15.559" classname="com.qa.testcases.PageShipping_Test"/>
  <testcase name="TC05" time="1.978" classname="com.qa.testcases.PageShipping_Test"/>
  <testcase name="TC01" time="0.69" classname="com.qa.testcases.PagePayment_Test"/>
  <testcase name="TC02" time="1.339" classname="com.qa.testcases.PagePayment_Test"/>
  <testcase name="TC01" time="0.055" classname="com.qa.testcases.PageBankWirePayment_Test"/>
  <testcase name="TC02" time="0.053" classname="com.qa.testcases.PageBankWirePayment_Test"/>
  <testcase name="TC03" time="2.562" classname="com.qa.testcases.PageBankWirePayment_Test"/>
  <testcase name="TC01" time="0.3" classname="com.qa.testcases.PageOrderConfirmation_Test"/>
  <testcase name="TC02" time="5.483" classname="com.qa.testcases.PageOrderConfirmation_Test"/>
  <testcase name="TC01" time="0.189" classname="com.qa.testcases.PageOrderHistory_Test"/>
  <testcase name="TC02" time="0.213" classname="com.qa.testcases.PageOrderHistory_Test"/>
  <testcase name="TC04" time="31.845" classname="com.qa.testcases.PageOrderHistory_Test"/>
  <testcase name="TC05" time="0.311" classname="com.qa.testcases.PageOrderHistory_Test"/>
  <testcase name="TC06" time="0.54" classname="com.qa.testcases.PageOrderHistory_Test"/>
  <testcase name="TC07" time="0.585" classname="com.qa.testcases.PageOrderHistory_Test"/>
  <testcase name="TC08" time="0.669" classname="com.qa.testcases.PageOrderHistory_Test"/>
  <testcase name="TC09" time="0.848" classname="com.qa.testcases.PageOrderHistory_Test"/>
  <testcase name="TC10" time="3.353" classname="com.qa.testcases.PageOrderHistory_Test"/>
  <testcase name="TC11" time="1.399" classname="com.qa.testcases.PageOrderHistory_Test"/>
  <testcase name="@AfterTest setupAfterTest" time="0.0" classname="com.qa.testbase.TestBase">
    <ignored/>
  </testcase> <!-- @AfterTest setupAfterTest -->
  <testcase name="@AfterTest setupAfterTest" time="0.0" classname="com.qa.testbase.TestBase">
    <ignored/>
  </testcase> <!-- @AfterTest setupAfterTest -->
  <testcase name="@AfterTest setupAfterTest" time="0.0" classname="com.qa.testbase.TestBase">
    <ignored/>
  </testcase> <!-- @AfterTest setupAfterTest -->
  <testcase name="@AfterTest setupAfterTest" time="0.0" classname="com.qa.testbase.TestBase">
    <ignored/>
  </testcase> <!-- @AfterTest setupAfterTest -->
  <testcase name="@AfterTest setupAfterTest" time="0.0" classname="com.qa.testbase.TestBase">
    <ignored/>
  </testcase> <!-- @AfterTest setupAfterTest -->
  <testcase name="@AfterTest setupAfterTest" time="0.0" classname="com.qa.testbase.TestBase">
    <ignored/>
  </testcase> <!-- @AfterTest setupAfterTest -->
  <testcase name="@AfterTest setupAfterTest" time="0.0" classname="com.qa.testbase.TestBase">
    <ignored/>
  </testcase> <!-- @AfterTest setupAfterTest -->
  <testcase name="@AfterTest setupAfterTest" time="0.0" classname="com.qa.testbase.TestBase">
    <ignored/>
  </testcase> <!-- @AfterTest setupAfterTest -->
  <testcase name="@AfterTest setupAfterTest" time="0.0" classname="com.qa.testbase.TestBase">
    <ignored/>
  </testcase> <!-- @AfterTest setupAfterTest -->
  <testcase name="verifyShippingCost" time="0.0" classname="com.qa.testcases.PageCart_Test">
    <ignored/>
  </testcase> <!-- verifyShippingCost -->
  <testcase name="verifyLnkLblContactUs" time="0.0" classname="com.qa.testcases.PageHome_Test">
    <ignored/>
  </testcase> <!-- verifyLnkLblContactUs -->
  <testcase name="verify_RemoveProductFeature" time="0.0" classname="com.qa.testcases.PageSummary_Test">
    <ignored/>
  </testcase> <!-- verify_RemoveProductFeature -->
  <testcase name="TC03" time="0.0" classname="com.qa.testcases.PagePayment_Test">
    <ignored/>
  </testcase> <!-- TC03 -->
  <testcase name="verifyPopularProductList" time="0.0" classname="com.qa.testcases.PageHome_Test">
    <ignored/>
  </testcase> <!-- verifyPopularProductList -->
  <testcase name="@AfterSuite setupAfterSuite" time="0.0" classname="com.qa.testbase.TestBase">
    <ignored/>
  </testcase> <!-- @AfterSuite setupAfterSuite -->
  <testcase name="@AfterSuite setupAfterSuite" time="0.0" classname="com.qa.testbase.TestBase">
    <ignored/>
  </testcase> <!-- @AfterSuite setupAfterSuite -->
  <testcase name="@AfterSuite setupAfterSuite" time="0.0" classname="com.qa.testbase.TestBase">
    <ignored/>
  </testcase> <!-- @AfterSuite setupAfterSuite -->
  <testcase name="@AfterSuite setupAfterSuite" time="0.0" classname="com.qa.testbase.TestBase">
    <ignored/>
  </testcase> <!-- @AfterSuite setupAfterSuite -->
  <testcase name="@AfterSuite setupAfterSuite" time="0.0" classname="com.qa.testbase.TestBase">
    <ignored/>
  </testcase> <!-- @AfterSuite setupAfterSuite -->
  <testcase name="@AfterSuite setupAfterSuite" time="0.0" classname="com.qa.testbase.TestBase">
    <ignored/>
  </testcase> <!-- @AfterSuite setupAfterSuite -->
  <testcase name="@AfterSuite setupAfterSuite" time="0.0" classname="com.qa.testbase.TestBase">
    <ignored/>
  </testcase> <!-- @AfterSuite setupAfterSuite -->
  <testcase name="@AfterSuite setupAfterSuite" time="0.0" classname="com.qa.testbase.TestBase">
    <ignored/>
  </testcase> <!-- @AfterSuite setupAfterSuite -->
  <testcase name="@AfterSuite setupAfterSuite" time="0.0" classname="com.qa.testbase.TestBase">
    <ignored/>
  </testcase> <!-- @AfterSuite setupAfterSuite -->
  <testcase name="TC03" time="0.0" classname="com.qa.testcases.PageSignIn_Test">
    <ignored/>
  </testcase> <!-- TC03 -->
  <testcase name="verifyLnkLblSignIn" time="0.0" classname="com.qa.testcases.PageHome_Test">
    <ignored/>
  </testcase> <!-- verifyLnkLblSignIn -->
  <testcase name="verifyProductQuantity" time="0.0" classname="com.qa.testcases.PageCart_Test">
    <ignored/>
  </testcase> <!-- verifyProductQuantity -->
  <testcase name="verifyTotalCost" time="0.0" classname="com.qa.testcases.PageCart_Test">
    <ignored/>
  </testcase> <!-- verifyTotalCost -->
  <testcase name="@BeforeTest setupBeforeGroup" time="0.0" classname="com.qa.testbase.TestBase">
    <ignored/>
  </testcase> <!-- @BeforeTest setupBeforeGroup -->
  <testcase name="@BeforeTest setupBeforeGroup" time="0.0" classname="com.qa.testbase.TestBase">
    <ignored/>
  </testcase> <!-- @BeforeTest setupBeforeGroup -->
  <testcase name="@BeforeTest setupBeforeGroup" time="0.0" classname="com.qa.testbase.TestBase">
    <ignored/>
  </testcase> <!-- @BeforeTest setupBeforeGroup -->
  <testcase name="@BeforeTest setupBeforeGroup" time="0.0" classname="com.qa.testbase.TestBase">
    <ignored/>
  </testcase> <!-- @BeforeTest setupBeforeGroup -->
  <testcase name="@BeforeTest setupBeforeGroup" time="0.0" classname="com.qa.testbase.TestBase">
    <ignored/>
  </testcase> <!-- @BeforeTest setupBeforeGroup -->
  <testcase name="@BeforeTest setupBeforeGroup" time="0.0" classname="com.qa.testbase.TestBase">
    <ignored/>
  </testcase> <!-- @BeforeTest setupBeforeGroup -->
  <testcase name="@BeforeTest setupBeforeGroup" time="0.0" classname="com.qa.testbase.TestBase">
    <ignored/>
  </testcase> <!-- @BeforeTest setupBeforeGroup -->
  <testcase name="@BeforeTest setupBeforeGroup" time="0.0" classname="com.qa.testbase.TestBase">
    <ignored/>
  </testcase> <!-- @BeforeTest setupBeforeGroup -->
  <testcase name="@BeforeTest setupBeforeGroup" time="0.0" classname="com.qa.testbase.TestBase">
    <ignored/>
  </testcase> <!-- @BeforeTest setupBeforeGroup -->
  <testcase name="TC03" time="0.0" classname="com.qa.testcases.PageOrderHistory_Test">
    <ignored/>
  </testcase> <!-- TC03 -->
  <testcase name="verifyRemoveProduct" time="0.0" classname="com.qa.testcases.PageCart_Test">
    <ignored/>
  </testcase> <!-- verifyRemoveProduct -->
  <testcase name="@BeforeTest setupBeforeTest" time="0.0" classname="com.qa.testbase.TestBase">
    <ignored/>
  </testcase> <!-- @BeforeTest setupBeforeTest -->
  <testcase name="@BeforeTest setupBeforeTest" time="0.0" classname="com.qa.testbase.TestBase">
    <ignored/>
  </testcase> <!-- @BeforeTest setupBeforeTest -->
  <testcase name="@BeforeTest setupBeforeTest" time="0.0" classname="com.qa.testbase.TestBase">
    <ignored/>
  </testcase> <!-- @BeforeTest setupBeforeTest -->
  <testcase name="@BeforeTest setupBeforeTest" time="0.0" classname="com.qa.testbase.TestBase">
    <ignored/>
  </testcase> <!-- @BeforeTest setupBeforeTest -->
  <testcase name="@BeforeTest setupBeforeTest" time="0.0" classname="com.qa.testbase.TestBase">
    <ignored/>
  </testcase> <!-- @BeforeTest setupBeforeTest -->
  <testcase name="@BeforeTest setupBeforeTest" time="0.0" classname="com.qa.testbase.TestBase">
    <ignored/>
  </testcase> <!-- @BeforeTest setupBeforeTest -->
  <testcase name="@BeforeTest setupBeforeTest" time="0.0" classname="com.qa.testbase.TestBase">
    <ignored/>
  </testcase> <!-- @BeforeTest setupBeforeTest -->
  <testcase name="@BeforeTest setupBeforeTest" time="0.0" classname="com.qa.testbase.TestBase">
    <ignored/>
  </testcase> <!-- @BeforeTest setupBeforeTest -->
  <testcase name="@BeforeTest setupBeforeTest" time="0.0" classname="com.qa.testbase.TestBase">
    <ignored/>
  </testcase> <!-- @BeforeTest setupBeforeTest -->
  <testcase name="@BeforeSuite setupBeforeSuite" time="0.0" classname="com.qa.testbase.TestBase">
    <ignored/>
  </testcase> <!-- @BeforeSuite setupBeforeSuite -->
  <testcase name="@BeforeSuite setupBeforeSuite" time="0.0" classname="com.qa.testbase.TestBase">
    <ignored/>
  </testcase> <!-- @BeforeSuite setupBeforeSuite -->
  <testcase name="@BeforeSuite setupBeforeSuite" time="0.0" classname="com.qa.testbase.TestBase">
    <ignored/>
  </testcase> <!-- @BeforeSuite setupBeforeSuite -->
  <testcase name="@BeforeSuite setupBeforeSuite" time="0.0" classname="com.qa.testbase.TestBase">
    <ignored/>
  </testcase> <!-- @BeforeSuite setupBeforeSuite -->
  <testcase name="@BeforeSuite setupBeforeSuite" time="0.0" classname="com.qa.testbase.TestBase">
    <ignored/>
  </testcase> <!-- @BeforeSuite setupBeforeSuite -->
  <testcase name="@BeforeSuite setupBeforeSuite" time="0.0" classname="com.qa.testbase.TestBase">
    <ignored/>
  </testcase> <!-- @BeforeSuite setupBeforeSuite -->
  <testcase name="@BeforeSuite setupBeforeSuite" time="0.0" classname="com.qa.testbase.TestBase">
    <ignored/>
  </testcase> <!-- @BeforeSuite setupBeforeSuite -->
  <testcase name="@BeforeSuite setupBeforeSuite" time="0.0" classname="com.qa.testbase.TestBase">
    <ignored/>
  </testcase> <!-- @BeforeSuite setupBeforeSuite -->
  <testcase name="@BeforeSuite setupBeforeSuite" time="0.0" classname="com.qa.testbase.TestBase">
    <ignored/>
  </testcase> <!-- @BeforeSuite setupBeforeSuite -->
  <testcase name="verifyBtnMore" time="0.0" classname="com.qa.testcases.PageHome_Test">
    <ignored/>
  </testcase> <!-- verifyBtnMore -->
  <testcase name="verifyProductDetails" time="0.0" classname="com.qa.testcases.PageCart_Test">
    <ignored/>
  </testcase> <!-- verifyProductDetails -->
</testsuite> <!-- Demo Test -->
